Using pre-set license
Built from '6000.0/staging' branch; Version is '6000.0.49f1 (840e0a9776d9) revision 8654346'; Using compiler version '193933523'; Build Type 'Release'
OS: 'Windows 11  (10.0.22631) 64bit Professional' Language: 'en' Physical Memory: 40881 MB
BatchMode: 1, IsHumanControllingUs: 0, StartBugReporterOnCrash: 0, Is64bit: 1, IsPro: 1

COMMAND LINE ARGUMENTS:
C:\Program Files\Unity\Hub\Editor\6000.0.49f1\Editor\Unity.exe
-adb2
-batchMode
-noUpm
-name
AssetImportWorker2
-projectPath
C:/Users/Aaron/Documents/UAT Unity Projects/Project 3D
-logFile
Logs/AssetImportWorker2.log
-srvPort
57434
-job-worker-count
11
-background-job-worker-count
8
-gc-helper-count
1
Successfully changed project path to: C:/Users/Aaron/Documents/UAT Unity Projects/Project 3D
C:/Users/Aaron/Documents/UAT Unity Projects/Project 3D
[UnityMemory] Configuration Parameters - Can be set up in boot.config
    "memorysetup-bucket-allocator-granularity=16"
    "memorysetup-bucket-allocator-bucket-count=8"
    "memorysetup-bucket-allocator-block-size=33554432"
    "memorysetup-bucket-allocator-block-count=8"
    "memorysetup-main-allocator-block-size=16777216"
    "memorysetup-thread-allocator-block-size=16777216"
    "memorysetup-gfx-main-allocator-block-size=16777216"
    "memorysetup-gfx-thread-allocator-block-size=16777216"
    "memorysetup-cache-allocator-block-size=4194304"
    "memorysetup-typetree-allocator-block-size=2097152"
    "memorysetup-profiler-bucket-allocator-granularity=16"
    "memorysetup-profiler-bucket-allocator-bucket-count=8"
    "memorysetup-profiler-bucket-allocator-block-size=33554432"
    "memorysetup-profiler-bucket-allocator-block-count=8"
    "memorysetup-profiler-allocator-block-size=16777216"
    "memorysetup-profiler-editor-allocator-block-size=1048576"
    "memorysetup-temp-allocator-size-main=16777216"
    "memorysetup-job-temp-allocator-block-size=2097152"
    "memorysetup-job-temp-allocator-block-size-background=1048576"
    "memorysetup-job-temp-allocator-reduction-small-platforms=262144"
    "memorysetup-allocator-temp-initial-block-size-main=262144"
    "memorysetup-allocator-temp-initial-block-size-worker=262144"
    "memorysetup-temp-allocator-size-background-worker=32768"
    "memorysetup-temp-allocator-size-job-worker=262144"
    "memorysetup-temp-allocator-size-preload-manager=33554432"
    "memorysetup-temp-allocator-size-nav-mesh-worker=65536"
    "memorysetup-temp-allocator-size-audio-worker=65536"
    "memorysetup-temp-allocator-size-cloud-worker=32768"
    "memorysetup-temp-allocator-size-gi-baking-worker=262144"
    "memorysetup-temp-allocator-size-gi-baking-worker=262144"
    "memorysetup-temp-allocator-size-gi-baking-worker=262144"
    "memorysetup-temp-allocator-size-gi-baking-worker=262144"
    "memorysetup-temp-allocator-size-gi-baking-worker=262144"
    "memorysetup-temp-allocator-size-gfx=262144"
Player connection [20676]  Target information:

Player connection [20676]  * "[IP] 192.168.0.31 [Port] 0 [Flags] 2 [Guid] 1593618198 [EditorId] 1593618198 [Version] 1048832 [Id] WindowsEditor(7,EPSILON) [Debug] 1 [PackageName] WindowsEditor [ProjectName] Editor" 

Player connection [20676] Host joined multi-casting on [225.0.0.222:54997]...
Player connection [20676] Host joined alternative multi-casting on [225.0.0.222:34997]...
JobSystem: Creating JobQueue using job-worker-count value 11
Input System module state changed to: Initialized.
[Physics::Module] Initialized fallback backend.
[Physics::Module] Id: 0xdecafbad
Library Redirect Path: Library/
[Physics::Module] Selected backend.
[Physics::Module] Name: PhysX
[Physics::Module] Id: 0xf2b8ea05
[Physics::Module] SDK Version: 4.1.2
[Physics::Module] Integration Version: 1.0.0
[Physics::Module] Threading Mode: Multi-Threaded
Refreshing native plugins compatible for Editor in 2.27 ms, found 3 plugins.
Preloading 0 native plugins for Editor in 0.00 ms.
Initialize engine version: 6000.0.49f1 (840e0a9776d9)
[Subsystems] Discovering subsystems at path C:/Program Files/Unity/Hub/Editor/6000.0.49f1/Editor/Data/Resources/UnitySubsystems
[Subsystems] Discovering subsystems at path C:/Users/Aaron/Documents/UAT Unity Projects/Project 3D/Assets
GfxDevice: creating device client; kGfxThreadingModeNonThreaded
Direct3D:
    Version:  Direct3D 11.0 [level 11.1]
    Renderer: NVIDIA GeForce RTX 3060 Ti (ID=0x2489)
    Vendor:   NVIDIA
    VRAM:     8024 MB
    Driver:   32.0.15.6094
Initialize mono
Mono path[0] = 'C:/Program Files/Unity/Hub/Editor/6000.0.49f1/Editor/Data/Managed'
Mono path[1] = 'C:/Program Files/Unity/Hub/Editor/6000.0.49f1/Editor/Data/MonoBleedingEdge/lib/mono/unityjit-win32'
Mono config path = 'C:/Program Files/Unity/Hub/Editor/6000.0.49f1/Editor/Data/MonoBleedingEdge/etc'
Using monoOptions --debugger-agent=transport=dt_socket,embedding=1,server=y,suspend=n,address=127.0.0.1:56704
Begin MonoManager ReloadAssembly
Registering precompiled unity dll's ...
Register platform support module: C:/Program Files/Unity/Hub/Editor/6000.0.49f1/Editor/Data/PlaybackEngines/WindowsStandaloneSupport/UnityEditor.WindowsStandalone.Extensions.dll
Register platform support module: C:/Program Files/Unity/Hub/Editor/6000.0.49f1/Editor/Data/PlaybackEngines/MetroSupport/UnityEditor.UWP.Extensions.dll
Registered in 0.004540 seconds.
- Loaded All Assemblies, in  0.352 seconds
Native extension for UWP target not found
Native extension for WindowsStandalone target not found
Mono: successfully reloaded assembly
- Finished resetting the current domain, in  0.437 seconds
Domain Reload Profiling: 784ms
	BeginReloadAssembly (115ms)
		ExecutionOrderSort (0ms)
		DisableScriptedObjects (0ms)
		BackupInstance (0ms)
		ReleaseScriptingObjects (0ms)
		CreateAndSetChildDomain (1ms)
	RebuildCommonClasses (32ms)
	RebuildNativeTypeToScriptingClass (10ms)
	initialDomainReloadingComplete (50ms)
	LoadAllAssembliesAndSetupDomain (140ms)
		LoadAssemblies (112ms)
		RebuildTransferFunctionScriptingTraits (0ms)
		AnalyzeDomain (136ms)
			TypeCache.Refresh (135ms)
				TypeCache.ScanAssembly (122ms)
			BuildScriptInfoCaches (0ms)
			ResolveRequiredComponents (0ms)
	FinalizeReload (437ms)
		ReleaseScriptCaches (0ms)
		RebuildScriptCaches (0ms)
		SetupLoadedEditorAssemblies (395ms)
			LogAssemblyErrors (0ms)
			InitializePlatformSupportModulesInManaged (24ms)
			SetLoadedEditorAssemblies (41ms)
			BeforeProcessingInitializeOnLoad (75ms)
			ProcessInitializeOnLoadAttributes (197ms)
			ProcessInitializeOnLoadMethodAttributes (59ms)
			AfterProcessingInitializeOnLoad (0ms)
			EditorAssembliesLoaded (0ms)
		ExecutionOrderSort2 (0ms)
		AwakeInstancesAfterBackupRestoration (0ms)
========================================================================
Worker process is ready to serve import requests
Import Worker Mode flag is 0x00
Begin MonoManager ReloadAssembly
- Loaded All Assemblies, in  0.824 seconds
Refreshing native plugins compatible for Editor in 1.50 ms, found 3 plugins.
Native extension for UWP target not found
Native extension for WindowsStandalone target not found
Mono: successfully reloaded assembly
- Finished resetting the current domain, in  0.521 seconds
Domain Reload Profiling: 1339ms
	BeginReloadAssembly (250ms)
		ExecutionOrderSort (0ms)
		DisableScriptedObjects (6ms)
		BackupInstance (0ms)
		ReleaseScriptingObjects (0ms)
		CreateAndSetChildDomain (61ms)
	RebuildCommonClasses (35ms)
	RebuildNativeTypeToScriptingClass (10ms)
	initialDomainReloadingComplete (54ms)
	LoadAllAssembliesAndSetupDomain (469ms)
		LoadAssemblies (394ms)
		RebuildTransferFunctionScriptingTraits (0ms)
		AnalyzeDomain (213ms)
			TypeCache.Refresh (176ms)
				TypeCache.ScanAssembly (155ms)
			BuildScriptInfoCaches (31ms)
			ResolveRequiredComponents (4ms)
	FinalizeReload (522ms)
		ReleaseScriptCaches (0ms)
		RebuildScriptCaches (0ms)
		SetupLoadedEditorAssemblies (408ms)
			LogAssemblyErrors (0ms)
			InitializePlatformSupportModulesInManaged (3ms)
			SetLoadedEditorAssemblies (4ms)
			BeforeProcessingInitializeOnLoad (87ms)
			ProcessInitializeOnLoadAttributes (284ms)
			ProcessInitializeOnLoadMethodAttributes (22ms)
			AfterProcessingInitializeOnLoad (8ms)
			EditorAssembliesLoaded (0ms)
		ExecutionOrderSort2 (0ms)
		AwakeInstancesAfterBackupRestoration (11ms)
Launched and connected shader compiler UnityShaderCompiler.exe after 0.03 seconds
Refreshing native plugins compatible for Editor in 2.23 ms, found 3 plugins.
Preloading 0 native plugins for Editor in 0.00 ms.
Unloading 8 Unused Serialized files (Serialized files now loaded: 0)
Unloading 3716 unused Assets / (1.1 MB). Loaded Objects now: 4202.
Memory consumption went from 83.6 MB to 82.6 MB.
Total: 15.364600 ms (FindLiveObjects: 1.130300 ms CreateObjectMapping: 0.246100 ms MarkObjects: 10.746100 ms  DeleteObjects: 3.241000 ms)

========================================================================
Received Import Request.
  Time since last request: 296717.879687 seconds.
  path: Assets/Scripts
  artifactKey: Guid(df7c26f2b5385ac479fabf4f6ad545b5) Importer(815301076,1909f56bfc062723c751e8b465ee728b)
Start importing Assets/Scripts using Guid(df7c26f2b5385ac479fabf4f6ad545b5) Importer(815301076,1909f56bfc062723c751e8b465ee728b) (PreviewImporter) -> (artifact id: 'e7011333cb52aa1c7715bbb7f8454f80') in 0.0086893 seconds
Number of updated asset objects reloaded before import = 0Number of asset objects unloaded after import = 0

========================================================================
Received Prepare
Refreshing native plugins compatible for Editor in 1.59 ms, found 3 plugins.
Preloading 0 native plugins for Editor in 0.00 ms.
Unloading 0 Unused Serialized files (Serialized files now loaded: 0)
Unloading 3708 unused Assets / (0.8 MB). Loaded Objects now: 4205.
Memory consumption went from 81.7 MB to 80.9 MB.
Total: 8.894400 ms (FindLiveObjects: 0.492300 ms CreateObjectMapping: 0.518200 ms MarkObjects: 6.877900 ms  DeleteObjects: 1.005300 ms)

Prepare: number of updated asset objects reloaded= 0
========================================================================
Received Prepare
Refreshing native plugins compatible for Editor in 1.25 ms, found 3 plugins.
Preloading 0 native plugins for Editor in 0.00 ms.
Unloading 0 Unused Serialized files (Serialized files now loaded: 0)
Unloading 3709 unused Assets / (0.8 MB). Loaded Objects now: 4206.
Memory consumption went from 81.7 MB to 81.0 MB.
Total: 5.518900 ms (FindLiveObjects: 0.534600 ms CreateObjectMapping: 0.201000 ms MarkObjects: 3.981700 ms  DeleteObjects: 0.801100 ms)

Prepare: number of updated asset objects reloaded= 0
========================================================================
Received Prepare
Refreshing native plugins compatible for Editor in 1.31 ms, found 3 plugins.
Preloading 0 native plugins for Editor in 0.00 ms.
Unloading 0 Unused Serialized files (Serialized files now loaded: 0)
Unloading 3710 unused Assets / (0.7 MB). Loaded Objects now: 4207.
Memory consumption went from 81.7 MB to 81.0 MB.
Total: 5.750300 ms (FindLiveObjects: 0.871500 ms CreateObjectMapping: 0.321200 ms MarkObjects: 3.721500 ms  DeleteObjects: 0.835600 ms)

Prepare: number of updated asset objects reloaded= 0
========================================================================
Received Prepare
Refreshing native plugins compatible for Editor in 1.53 ms, found 3 plugins.
Preloading 0 native plugins for Editor in 0.00 ms.
Unloading 0 Unused Serialized files (Serialized files now loaded: 0)
Unloading 3711 unused Assets / (0.7 MB). Loaded Objects now: 4208.
Memory consumption went from 81.7 MB to 81.1 MB.
Total: 9.296000 ms (FindLiveObjects: 0.583000 ms CreateObjectMapping: 0.170800 ms MarkObjects: 6.394400 ms  DeleteObjects: 2.146900 ms)

Prepare: number of updated asset objects reloaded= 0
========================================================================
Received Prepare
Begin MonoManager ReloadAssembly
- Loaded All Assemblies, in  0.691 seconds
Refreshing native plugins compatible for Editor in 1.18 ms, found 3 plugins.
Native extension for UWP target not found
Native extension for WindowsStandalone target not found
Mono: successfully reloaded assembly
- Finished resetting the current domain, in  0.466 seconds
Domain Reload Profiling: 1153ms
	BeginReloadAssembly (229ms)
		ExecutionOrderSort (0ms)
		DisableScriptedObjects (6ms)
		BackupInstance (0ms)
		ReleaseScriptingObjects (0ms)
		CreateAndSetChildDomain (73ms)
	RebuildCommonClasses (34ms)
	RebuildNativeTypeToScriptingClass (11ms)
	initialDomainReloadingComplete (34ms)
	LoadAllAssembliesAndSetupDomain (379ms)
		LoadAssemblies (341ms)
		RebuildTransferFunctionScriptingTraits (0ms)
		AnalyzeDomain (139ms)
			TypeCache.Refresh (12ms)
				TypeCache.ScanAssembly (0ms)
			BuildScriptInfoCaches (118ms)
			ResolveRequiredComponents (4ms)
	FinalizeReload (466ms)
		ReleaseScriptCaches (0ms)
		RebuildScriptCaches (0ms)
		SetupLoadedEditorAssemblies (354ms)
			LogAssemblyErrors (0ms)
			InitializePlatformSupportModulesInManaged (2ms)
			SetLoadedEditorAssemblies (4ms)
			BeforeProcessingInitializeOnLoad (86ms)
			ProcessInitializeOnLoadAttributes (235ms)
			ProcessInitializeOnLoadMethodAttributes (19ms)
			AfterProcessingInitializeOnLoad (7ms)
			EditorAssembliesLoaded (0ms)
		ExecutionOrderSort2 (0ms)
		AwakeInstancesAfterBackupRestoration (11ms)
Refreshing native plugins compatible for Editor in 1.35 ms, found 3 plugins.
Preloading 0 native plugins for Editor in 0.00 ms.
Unloading 1 Unused Serialized files (Serialized files now loaded: 0)
Unloading 3718 unused Assets / (0.9 MB). Loaded Objects now: 4209.
Memory consumption went from 83.4 MB to 82.6 MB.
Total: 6.435300 ms (FindLiveObjects: 0.552900 ms CreateObjectMapping: 0.483800 ms MarkObjects: 4.439900 ms  DeleteObjects: 0.957900 ms)

Prepare: number of updated asset objects reloaded= 0
========================================================================
Received Import Request.
  Time since last request: 145.043380 seconds.
  path: Assets/Scripts/PlayerController.cs
  artifactKey: Guid(8c0bbdfe536fe814cad64f9251c6b97d) Importer(815301076,1909f56bfc062723c751e8b465ee728b)
Start importing Assets/Scripts/PlayerController.cs using Guid(8c0bbdfe536fe814cad64f9251c6b97d) Importer(815301076,1909f56bfc062723c751e8b465ee728b) (PreviewImporter) -> (artifact id: '07695f95dc3f6e8e69555bbbb5a51b02') in 0.0037827 seconds
Number of updated asset objects reloaded before import = 0Number of asset objects unloaded after import = 0

========================================================================
Received Import Request.
  Time since last request: 1471.383555 seconds.
  path: Assets/Scripts/PlayerPawn.cs
  artifactKey: Guid(d70a32ec63c14a34585bc24476b2f4f3) Importer(815301076,1909f56bfc062723c751e8b465ee728b)
Start importing Assets/Scripts/PlayerPawn.cs using Guid(d70a32ec63c14a34585bc24476b2f4f3) Importer(815301076,1909f56bfc062723c751e8b465ee728b) (PreviewImporter) -> (artifact id: '01edbc9553e48b3d4833a874e494e0c2') in 0.0021112 seconds
Number of updated asset objects reloaded before import = 0Number of asset objects unloaded after import = 0

========================================================================
Received Prepare
Begin MonoManager ReloadAssembly
- Loaded All Assemblies, in  0.688 seconds
Refreshing native plugins compatible for Editor in 1.27 ms, found 3 plugins.
Native extension for UWP target not found
Native extension for WindowsStandalone target not found
Mono: successfully reloaded assembly
- Finished resetting the current domain, in  0.553 seconds
Domain Reload Profiling: 1239ms
	BeginReloadAssembly (240ms)
		ExecutionOrderSort (0ms)
		DisableScriptedObjects (6ms)
		BackupInstance (0ms)
		ReleaseScriptingObjects (0ms)
		CreateAndSetChildDomain (79ms)
	RebuildCommonClasses (33ms)
	RebuildNativeTypeToScriptingClass (10ms)
	initialDomainReloadingComplete (32ms)
	LoadAllAssembliesAndSetupDomain (370ms)
		LoadAssemblies (345ms)
		RebuildTransferFunctionScriptingTraits (0ms)
		AnalyzeDomain (127ms)
			TypeCache.Refresh (9ms)
				TypeCache.ScanAssembly (0ms)
			BuildScriptInfoCaches (111ms)
			ResolveRequiredComponents (4ms)
	FinalizeReload (553ms)
		ReleaseScriptCaches (0ms)
		RebuildScriptCaches (0ms)
		SetupLoadedEditorAssemblies (431ms)
			LogAssemblyErrors (0ms)
			InitializePlatformSupportModulesInManaged (2ms)
			SetLoadedEditorAssemblies (3ms)
			BeforeProcessingInitializeOnLoad (98ms)
			ProcessInitializeOnLoadAttributes (294ms)
			ProcessInitializeOnLoadMethodAttributes (24ms)
			AfterProcessingInitializeOnLoad (10ms)
			EditorAssembliesLoaded (0ms)
		ExecutionOrderSort2 (0ms)
		AwakeInstancesAfterBackupRestoration (18ms)
Refreshing native plugins compatible for Editor in 1.46 ms, found 3 plugins.
Preloading 0 native plugins for Editor in 0.00 ms.
Unloading 0 Unused Serialized files (Serialized files now loaded: 0)
Unloading 3718 unused Assets / (0.7 MB). Loaded Objects now: 4209.
Memory consumption went from 83.3 MB to 82.7 MB.
Total: 6.068700 ms (FindLiveObjects: 0.410900 ms CreateObjectMapping: 0.439600 ms MarkObjects: 4.406600 ms  DeleteObjects: 0.810500 ms)

Prepare: number of updated asset objects reloaded= 0
========================================================================
Received Prepare
Begin MonoManager ReloadAssembly
- Loaded All Assemblies, in  0.585 seconds
Refreshing native plugins compatible for Editor in 1.47 ms, found 3 plugins.
Native extension for UWP target not found
Native extension for WindowsStandalone target not found
Mono: successfully reloaded assembly
- Finished resetting the current domain, in  0.537 seconds
Domain Reload Profiling: 1119ms
	BeginReloadAssembly (191ms)
		ExecutionOrderSort (0ms)
		DisableScriptedObjects (5ms)
		BackupInstance (0ms)
		ReleaseScriptingObjects (0ms)
		CreateAndSetChildDomain (47ms)
	RebuildCommonClasses (30ms)
	RebuildNativeTypeToScriptingClass (10ms)
	initialDomainReloadingComplete (26ms)
	LoadAllAssembliesAndSetupDomain (325ms)
		LoadAssemblies (292ms)
		RebuildTransferFunctionScriptingTraits (0ms)
		AnalyzeDomain (121ms)
			TypeCache.Refresh (5ms)
				TypeCache.ScanAssembly (0ms)
			BuildScriptInfoCaches (109ms)
			ResolveRequiredComponents (4ms)
	FinalizeReload (538ms)
		ReleaseScriptCaches (0ms)
		RebuildScriptCaches (0ms)
		SetupLoadedEditorAssemblies (436ms)
			LogAssemblyErrors (0ms)
			InitializePlatformSupportModulesInManaged (2ms)
			SetLoadedEditorAssemblies (3ms)
			BeforeProcessingInitializeOnLoad (109ms)
			ProcessInitializeOnLoadAttributes (288ms)
			ProcessInitializeOnLoadMethodAttributes (26ms)
			AfterProcessingInitializeOnLoad (7ms)
			EditorAssembliesLoaded (0ms)
		ExecutionOrderSort2 (0ms)
		AwakeInstancesAfterBackupRestoration (12ms)
Refreshing native plugins compatible for Editor in 1.57 ms, found 3 plugins.
Preloading 0 native plugins for Editor in 0.00 ms.
Unloading 0 Unused Serialized files (Serialized files now loaded: 0)
Unloading 3718 unused Assets / (1.0 MB). Loaded Objects now: 4209.
Memory consumption went from 83.3 MB to 82.4 MB.
Total: 7.598900 ms (FindLiveObjects: 0.624800 ms CreateObjectMapping: 0.517700 ms MarkObjects: 4.976000 ms  DeleteObjects: 1.478900 ms)

Prepare: number of updated asset objects reloaded= 0
========================================================================
Received Prepare
Refreshing native plugins compatible for Editor in 1.36 ms, found 3 plugins.
Preloading 0 native plugins for Editor in 0.00 ms.
Unloading 0 Unused Serialized files (Serialized files now loaded: 0)
Unloading 3711 unused Assets / (0.8 MB). Loaded Objects now: 4209.
Memory consumption went from 83.5 MB to 82.7 MB.
Total: 5.851500 ms (FindLiveObjects: 0.482200 ms CreateObjectMapping: 0.165400 ms MarkObjects: 4.353700 ms  DeleteObjects: 0.849200 ms)

Prepare: number of updated asset objects reloaded= 0
========================================================================
Received Prepare
Begin MonoManager ReloadAssembly
- Loaded All Assemblies, in  0.576 seconds
Refreshing native plugins compatible for Editor in 1.72 ms, found 3 plugins.
Native extension for UWP target not found
Native extension for WindowsStandalone target not found
Mono: successfully reloaded assembly
- Finished resetting the current domain, in  0.480 seconds
Domain Reload Profiling: 1053ms
	BeginReloadAssembly (190ms)
		ExecutionOrderSort (0ms)
		DisableScriptedObjects (5ms)
		BackupInstance (0ms)
		ReleaseScriptingObjects (0ms)
		CreateAndSetChildDomain (43ms)
	RebuildCommonClasses (29ms)
	RebuildNativeTypeToScriptingClass (10ms)
	initialDomainReloadingComplete (25ms)
	LoadAllAssembliesAndSetupDomain (318ms)
		LoadAssemblies (291ms)
		RebuildTransferFunctionScriptingTraits (0ms)
		AnalyzeDomain (119ms)
			TypeCache.Refresh (10ms)
				TypeCache.ScanAssembly (0ms)
			BuildScriptInfoCaches (102ms)
			ResolveRequiredComponents (4ms)
	FinalizeReload (481ms)
		ReleaseScriptCaches (0ms)
		RebuildScriptCaches (0ms)
		SetupLoadedEditorAssemblies (370ms)
			LogAssemblyErrors (0ms)
			InitializePlatformSupportModulesInManaged (2ms)
			SetLoadedEditorAssemblies (5ms)
			BeforeProcessingInitializeOnLoad (91ms)
			ProcessInitializeOnLoadAttributes (244ms)
			ProcessInitializeOnLoadMethodAttributes (21ms)
			AfterProcessingInitializeOnLoad (7ms)
			EditorAssembliesLoaded (0ms)
		ExecutionOrderSort2 (0ms)
		AwakeInstancesAfterBackupRestoration (11ms)
Refreshing native plugins compatible for Editor in 1.42 ms, found 3 plugins.
Preloading 0 native plugins for Editor in 0.00 ms.
Unloading 0 Unused Serialized files (Serialized files now loaded: 0)
Unloading 3718 unused Assets / (0.7 MB). Loaded Objects now: 4209.
Memory consumption went from 83.4 MB to 82.7 MB.
Total: 5.800300 ms (FindLiveObjects: 0.458400 ms CreateObjectMapping: 0.194600 ms MarkObjects: 4.444900 ms  DeleteObjects: 0.701900 ms)

Prepare: number of updated asset objects reloaded= 0
========================================================================
Received Import Request.
  Time since last request: 2332.632997 seconds.
  path: Assets/InputSystem_Actions.inputactions
  artifactKey: Guid(289c1b55c9541489481df5cc06664110) Importer(2089858483,192608db42251d675da83286b1cce702)
Start importing Assets/InputSystem_Actions.inputactions using Guid(289c1b55c9541489481df5cc06664110) Importer(2089858483,192608db42251d675da83286b1cce702) (ScriptedImporter) -> (artifact id: 'c3b125e3e31ce88165061c7cea6e840f') in 0.4152729 seconds
Number of updated asset objects reloaded before import = 0Number of asset objects unloaded after import = 21

========================================================================
Received Import Request.
  Time since last request: 0.000035 seconds.
  path: Assets/Art/ADI/Voxel Ships/Prefabs/Cutter.prefab
  artifactKey: Guid(7e9866d97eaa6f7438781a4ef86bcdc4) Importer(2089858483,192608db42251d675da83286b1cce702)
Start importing Assets/Art/ADI/Voxel Ships/Prefabs/Cutter.prefab using Guid(7e9866d97eaa6f7438781a4ef86bcdc4) Importer(2089858483,192608db42251d675da83286b1cce702) (ScriptedImporter) -> (artifact id: '863b4e668c7e4e7f19eec8b5f0855adc') in 0.0430041 seconds
Number of updated asset objects reloaded before import = 0Number of asset objects unloaded after import = 9

========================================================================
Received Import Request.
  Time since last request: 0.000079 seconds.
  path: Assets/Art/ADI/Voxel Ships/Materials/ModelMaterial.mat
  artifactKey: Guid(d7d475a74f950f242be97d10ff966769) Importer(2089858483,192608db42251d675da83286b1cce702)
Start importing Assets/Art/ADI/Voxel Ships/Materials/ModelMaterial.mat using Guid(d7d475a74f950f242be97d10ff966769) Importer(2089858483,192608db42251d675da83286b1cce702) (ScriptedImporter) -> (artifact id: '0852a80f11aec4ae192e4724f60af61f') in 0.0336728 seconds
Number of updated asset objects reloaded before import = 0Number of asset objects unloaded after import = 2

========================================================================
Received Import Request.
  Time since last request: 0.000034 seconds.
  path: Assets/Art/3D_Sci-fi_Spaceships_edit_Pack07f/URP/Prefabs_URP/Hurricane_spaceship_URP_N01_01.prefab
  artifactKey: Guid(23b301c3a02599d4097706e494e33603) Importer(2089858483,192608db42251d675da83286b1cce702)
Start importing Assets/Art/3D_Sci-fi_Spaceships_edit_Pack07f/URP/Prefabs_URP/Hurricane_spaceship_URP_N01_01.prefab using Guid(23b301c3a02599d4097706e494e33603) Importer(2089858483,192608db42251d675da83286b1cce702) (ScriptedImporter) -> (artifact id: 'f9786df9cb762ac58d2d39ede17854b1') in 0.027166 seconds
Number of updated asset objects reloaded before import = 0Number of asset objects unloaded after import = 83

========================================================================
Received Import Request.
  Time since last request: 0.000066 seconds.
  path: Assets/Art/ADI/Voxel Ships/Materials/1_left.png
  artifactKey: Guid(bedac460bcf38434fa25111c71a5198f) Importer(2089858483,192608db42251d675da83286b1cce702)
Start importing Assets/Art/ADI/Voxel Ships/Materials/1_left.png using Guid(bedac460bcf38434fa25111c71a5198f) Importer(2089858483,192608db42251d675da83286b1cce702) (ScriptedImporter) -> (artifact id: 'b7ba7836d7341a33954c42a9ba794eaa') in 0.0855986 seconds
Number of updated asset objects reloaded before import = 0Number of asset objects unloaded after import = 3

========================================================================
Received Import Request.
  Time since last request: 0.000219 seconds.
  path: Assets/Art/ADI/Voxel Ships/Materials/ModelTexture.png
  artifactKey: Guid(e7854aa869c2e1740963909f40ba2e86) Importer(2089858483,192608db42251d675da83286b1cce702)
Start importing Assets/Art/ADI/Voxel Ships/Materials/ModelTexture.png using Guid(e7854aa869c2e1740963909f40ba2e86) Importer(2089858483,192608db42251d675da83286b1cce702) (ScriptedImporter) -> (artifact id: '5c60e8c8284285e21545898ac010fc12') in 0.015004 seconds
Number of updated asset objects reloaded before import = 0Number of asset objects unloaded after import = 1

========================================================================
Received Import Request.
  Time since last request: 0.000120 seconds.
  path: Assets/Art/ADI/Voxel Ships/Vox Files/V-Shooter.vox
  artifactKey: Guid(2e094b49ef577994fa3af55179a17e9f) Importer(2089858483,192608db42251d675da83286b1cce702)
Start importing Assets/Art/ADI/Voxel Ships/Vox Files/V-Shooter.vox using Guid(2e094b49ef577994fa3af55179a17e9f) Importer(2089858483,192608db42251d675da83286b1cce702) (ScriptedImporter) -> (artifact id: 'd0abc8174fca85150d50017e25cb2053') in 0.0069494 seconds
Number of updated asset objects reloaded before import = 0Number of asset objects unloaded after import = 1

========================================================================
Received Import Request.
  Time since last request: 0.000093 seconds.
  path: Assets/Art/ADI/Voxel Ships/Prefabs/Tri-Shot.prefab
  artifactKey: Guid(da9591103d000ec4faa346c9eaf320fa) Importer(2089858483,192608db42251d675da83286b1cce702)
Start importing Assets/Art/ADI/Voxel Ships/Prefabs/Tri-Shot.prefab using Guid(da9591103d000ec4faa346c9eaf320fa) Importer(2089858483,192608db42251d675da83286b1cce702) (ScriptedImporter) -> (artifact id: 'c83baeda9c557ae8b42e895615fd8f7b') in 0.0069514 seconds
Number of updated asset objects reloaded before import = 0Number of asset objects unloaded after import = 9

========================================================================
Received Import Request.
  Time since last request: 0.000015 seconds.
  path: Assets/Art/3D_Sci-fi_Spaceships_edit_Pack07f/HDRP/Prefabs_HDRP/Hurricane_spaceship_HDRP_N01_01.prefab
  artifactKey: Guid(91bfe240f037d9b4085c340ace35ec75) Importer(2089858483,192608db42251d675da83286b1cce702)
Start importing Assets/Art/3D_Sci-fi_Spaceships_edit_Pack07f/HDRP/Prefabs_HDRP/Hurricane_spaceship_HDRP_N01_01.prefab using Guid(91bfe240f037d9b4085c340ace35ec75) Importer(2089858483,192608db42251d675da83286b1cce702) (ScriptedImporter) -> (artifact id: 'c40eaac13d9ef91444ee62e3da35ef5e') in 0.0114425 seconds
Number of updated asset objects reloaded before import = 0Number of asset objects unloaded after import = 83

========================================================================
Received Import Request.
  Time since last request: 0.000016 seconds.
  path: Assets/Scripts/PlayerController.cs
  artifactKey: Guid(8c0bbdfe536fe814cad64f9251c6b97d) Importer(2089858483,192608db42251d675da83286b1cce702)
Start importing Assets/Scripts/PlayerController.cs using Guid(8c0bbdfe536fe814cad64f9251c6b97d) Importer(2089858483,192608db42251d675da83286b1cce702) (ScriptedImporter) -> (artifact id: 'c5cd703578e115e78791726a3b0b1646') in 0.0056402 seconds
Number of updated asset objects reloaded before import = 0Number of asset objects unloaded after import = 0

========================================================================
Received Import Request.
  Time since last request: 0.000053 seconds.
  path: Assets/Art/3D_Sci-fi_Spaceships_edit_Pack07f/demo_scene/demo_scene_7f_SRP_01.unity
  artifactKey: Guid(91e5102af70045d4dbb6fe98929dc151) Importer(2089858483,192608db42251d675da83286b1cce702)
Start importing Assets/Art/3D_Sci-fi_Spaceships_edit_Pack07f/demo_scene/demo_scene_7f_SRP_01.unity using Guid(91e5102af70045d4dbb6fe98929dc151) Importer(2089858483,192608db42251d675da83286b1cce702) (ScriptedImporter) -> (artifact id: '83dc27d2ebd8e0070928b58209db0202') in 0.0055713 seconds
Number of updated asset objects reloaded before import = 0Number of asset objects unloaded after import = 1

========================================================================
Received Import Request.
  Time since last request: 0.000103 seconds.
  path: Assets/Art/ADI/Voxel Ships/Vox Files/Scout.vox
  artifactKey: Guid(ad3a3fa254ff84744ab541a19d5b0018) Importer(2089858483,192608db42251d675da83286b1cce702)
Start importing Assets/Art/ADI/Voxel Ships/Vox Files/Scout.vox using Guid(ad3a3fa254ff84744ab541a19d5b0018) Importer(2089858483,192608db42251d675da83286b1cce702) (ScriptedImporter) -> (artifact id: 'e7f2a7d88d4cb77358e157cbc398c83d') in 0.0060018 seconds
Number of updated asset objects reloaded before import = 0Number of asset objects unloaded after import = 1

========================================================================
Received Import Request.
  Time since last request: 0.000028 seconds.
  path: Assets/Art/ADI/Voxel Ships/Materials/1_right.png
  artifactKey: Guid(fa862ba368cda10408a016013a21a381) Importer(2089858483,192608db42251d675da83286b1cce702)
Start importing Assets/Art/ADI/Voxel Ships/Materials/1_right.png using Guid(fa862ba368cda10408a016013a21a381) Importer(2089858483,192608db42251d675da83286b1cce702) (ScriptedImporter) -> (artifact id: '176a082df477ab84736924e598e15fc5') in 0.0167678 seconds
Number of updated asset objects reloaded before import = 0Number of asset objects unloaded after import = 3

========================================================================
Received Import Request.
  Time since last request: 0.000056 seconds.
  path: Assets/Art/ADI/Voxel Ships/Materials/1_down.png
  artifactKey: Guid(a9d7d12ee2f7f224c921fad75b172ad7) Importer(2089858483,192608db42251d675da83286b1cce702)
Start importing Assets/Art/ADI/Voxel Ships/Materials/1_down.png using Guid(a9d7d12ee2f7f224c921fad75b172ad7) Importer(2089858483,192608db42251d675da83286b1cce702) (ScriptedImporter) -> (artifact id: '0ced3faac15c869e60a79a15e79c2cc3') in 0.0221211 seconds
Number of updated asset objects reloaded before import = 0Number of asset objects unloaded after import = 3

========================================================================
Received Import Request.
  Time since last request: 0.000030 seconds.
  path: Assets/Art/3D_Sci-fi_Spaceships_edit_Pack07f/HDRP/Materials_HDRP/Hurricane_spaceship_mat_HDRP_N01.mat
  artifactKey: Guid(5b36cf2e90354c84eaf740f5416ddfab) Importer(2089858483,192608db42251d675da83286b1cce702)
Start importing Assets/Art/3D_Sci-fi_Spaceships_edit_Pack07f/HDRP/Materials_HDRP/Hurricane_spaceship_mat_HDRP_N01.mat using Guid(5b36cf2e90354c84eaf740f5416ddfab) Importer(2089858483,192608db42251d675da83286b1cce702) (ScriptedImporter) -> (artifact id: 'b0f3adbca994b7c48eb39534b564fcd9') in 0.0138986 seconds
Number of updated asset objects reloaded before import = 0Number of asset objects unloaded after import = 1

========================================================================
Received Import Request.
  Time since last request: 0.000037 seconds.
  path: Assets/Art/ADI/Voxel Ships/Models/Materials/SkimmerMat.mat
  artifactKey: Guid(d98f1db96a4bc774ab71194090fe7300) Importer(2089858483,192608db42251d675da83286b1cce702)
Start importing Assets/Art/ADI/Voxel Ships/Models/Materials/SkimmerMat.mat using Guid(d98f1db96a4bc774ab71194090fe7300) Importer(2089858483,192608db42251d675da83286b1cce702) (ScriptedImporter) -> (artifact id: 'b7b37d50ce1c3d6335c98b1196138b34') in 0.0102618 seconds
Number of updated asset objects reloaded before import = 0Number of asset objects unloaded after import = 1

========================================================================
Received Import Request.
  Time since last request: 0.000110 seconds.
  path: Assets/Art/ADI/Voxel Ships/Models/Swirler.obj
  artifactKey: Guid(f5d71e4f63cb6924980f59ecc1bc9531) Importer(2089858483,192608db42251d675da83286b1cce702)
Start importing Assets/Art/ADI/Voxel Ships/Models/Swirler.obj using Guid(f5d71e4f63cb6924980f59ecc1bc9531) Importer(2089858483,192608db42251d675da83286b1cce702) (ScriptedImporter) -> (artifact id: '3ad736348a87e844ad2e8f2dc9719af3') in 0.0337679 seconds
Number of updated asset objects reloaded before import = 0Number of asset objects unloaded after import = 9

========================================================================
Received Import Request.
  Time since last request: 0.000020 seconds.
  path: Assets/Art/3D_Sci-fi_Spaceships_edit_Pack07f/HDRP/HDRPDefaultResources/DefaultSettingsVolumeProfile.asset
  artifactKey: Guid(8b9c7847b72659645b787c5468a7bb81) Importer(2089858483,192608db42251d675da83286b1cce702)
Start importing Assets/Art/3D_Sci-fi_Spaceships_edit_Pack07f/HDRP/HDRPDefaultResources/DefaultSettingsVolumeProfile.asset using Guid(8b9c7847b72659645b787c5468a7bb81) Importer(2089858483,192608db42251d675da83286b1cce702) (ScriptedImporter) -> (artifact id: '770c16ef8b6562810943d712071ca100') in 0.0078058 seconds
Number of updated asset objects reloaded before import = 0Number of asset objects unloaded after import = 1

========================================================================
Received Import Request.
  Time since last request: 0.000054 seconds.
  path: Assets/Art/3D_Sci-fi_Spaceships_edit_Pack07f/Build_in_RP/Materials_SRP/flame_eng_mat_SRP_01.mat
  artifactKey: Guid(c53823d3c99cd2144a413eec1aaa4ae1) Importer(2089858483,192608db42251d675da83286b1cce702)
Start importing Assets/Art/3D_Sci-fi_Spaceships_edit_Pack07f/Build_in_RP/Materials_SRP/flame_eng_mat_SRP_01.mat using Guid(c53823d3c99cd2144a413eec1aaa4ae1) Importer(2089858483,192608db42251d675da83286b1cce702) (ScriptedImporter) -> (artifact id: '0c750267850fd933efbb3e21564bfa6d') in 0.1456789 seconds
Number of updated asset objects reloaded before import = 0Number of asset objects unloaded after import = 1

========================================================================
Received Import Request.
  Time since last request: 0.000037 seconds.
  path: Assets/Art/ADI/Voxel Ships/Models/Materials/BeamerMat.mat
  artifactKey: Guid(63e0cadc187e0c843b0a06c441be8e03) Importer(2089858483,192608db42251d675da83286b1cce702)
Start importing Assets/Art/ADI/Voxel Ships/Models/Materials/BeamerMat.mat using Guid(63e0cadc187e0c843b0a06c441be8e03) Importer(2089858483,192608db42251d675da83286b1cce702) (ScriptedImporter) -> (artifact id: '2be1509ed4edc0820e054117be8a6dec') in 0.0070526 seconds
Number of updated asset objects reloaded before import = 0Number of asset objects unloaded after import = 1

========================================================================
Received Import Request.
  Time since last request: 0.000047 seconds.
  path: Assets/Art/ADI/Voxel Ships/Models/Materials/SwirlerMat.mat
  artifactKey: Guid(4870f2cd933ab2c468ffb1c3ab0302ff) Importer(2089858483,192608db42251d675da83286b1cce702)
Start importing Assets/Art/ADI/Voxel Ships/Models/Materials/SwirlerMat.mat using Guid(4870f2cd933ab2c468ffb1c3ab0302ff) Importer(2089858483,192608db42251d675da83286b1cce702) (ScriptedImporter) -> (artifact id: '2296f4a45d7a997fca582ffdb7729d38') in 0.0068653 seconds
Number of updated asset objects reloaded before import = 0Number of asset objects unloaded after import = 1

========================================================================
Received Import Request.
  Time since last request: 0.000174 seconds.
  path: Assets/Art/ADI/Voxel Ships/Models/Materials/cutterMat.mat
  artifactKey: Guid(39c5f2163f8f77a40bc54cf7300d1cd4) Importer(2089858483,192608db42251d675da83286b1cce702)
Start importing Assets/Art/ADI/Voxel Ships/Models/Materials/cutterMat.mat using Guid(39c5f2163f8f77a40bc54cf7300d1cd4) Importer(2089858483,192608db42251d675da83286b1cce702) (ScriptedImporter) -> (artifact id: 'c96c0d857719efe6b2962cce2245127a') in 0.0069125 seconds
Number of updated asset objects reloaded before import = 0Number of asset objects unloaded after import = 1

========================================================================
Received Import Request.
  Time since last request: 0.000018 seconds.
  path: Assets/Art/ADI/Voxel Ships/Prefabs/Swirler.prefab
  artifactKey: Guid(9319a4171e6cbc145b41c9203d0c8bd9) Importer(2089858483,192608db42251d675da83286b1cce702)
Start importing Assets/Art/ADI/Voxel Ships/Prefabs/Swirler.prefab using Guid(9319a4171e6cbc145b41c9203d0c8bd9) Importer(2089858483,192608db42251d675da83286b1cce702) (ScriptedImporter) -> (artifact id: '23b361937c40b4df54cf6fd4eb095c18') in 0.0049146 seconds
Number of updated asset objects reloaded before import = 0Number of asset objects unloaded after import = 9

========================================================================
Received Import Request.
  Time since last request: 0.000015 seconds.
  path: Assets/Art/3D_Sci-fi_Spaceships_edit_Pack07f/URP/URPDefaultResources/UniversalRenderPipelineAsset.asset
  artifactKey: Guid(8d1bf992a0a21d045a9e26be03618718) Importer(2089858483,192608db42251d675da83286b1cce702)
Start importing Assets/Art/3D_Sci-fi_Spaceships_edit_Pack07f/URP/URPDefaultResources/UniversalRenderPipelineAsset.asset using Guid(8d1bf992a0a21d045a9e26be03618718) Importer(2089858483,192608db42251d675da83286b1cce702) (ScriptedImporter) -> (artifact id: '2592ab2177aa8e85fcdb23c0ebf2ef17') in 0.0048957 seconds
Number of updated asset objects reloaded before import = 0Number of asset objects unloaded after import = 1

========================================================================
Received Import Request.
  Time since last request: 0.000016 seconds.
  path: Assets/Art/ADI/Voxel Ships/Models/V-Shooter.obj
  artifactKey: Guid(1dc3fe5bf1240484fb275278ef17e051) Importer(2089858483,192608db42251d675da83286b1cce702)
Start importing Assets/Art/ADI/Voxel Ships/Models/V-Shooter.obj using Guid(1dc3fe5bf1240484fb275278ef17e051) Importer(2089858483,192608db42251d675da83286b1cce702) (ScriptedImporter) -> (artifact id: '4583e30de671edf208a0fbfcc18957fe') in 0.0097973 seconds
Number of updated asset objects reloaded before import = 0Number of asset objects unloaded after import = 9

========================================================================
Received Import Request.
  Time since last request: 0.000018 seconds.
  path: Assets/Art/ADI/Voxel Ships/Vox Files/Beamer.vox
  artifactKey: Guid(11ad4b2cf9fb91941a6e4a60e016a661) Importer(2089858483,192608db42251d675da83286b1cce702)
Start importing Assets/Art/ADI/Voxel Ships/Vox Files/Beamer.vox using Guid(11ad4b2cf9fb91941a6e4a60e016a661) Importer(2089858483,192608db42251d675da83286b1cce702) (ScriptedImporter) -> (artifact id: 'b2d3edc4ed9fc0e6c18ca72b26999227') in 0.0046874 seconds
Number of updated asset objects reloaded before import = 0Number of asset objects unloaded after import = 1

========================================================================
Received Import Request.
  Time since last request: 0.000078 seconds.
  path: Assets/Art/ADI/Voxel Ships/Models/Skimmer.obj
  artifactKey: Guid(b022b77968d149a4086cc492125143e7) Importer(2089858483,192608db42251d675da83286b1cce702)
Start importing Assets/Art/ADI/Voxel Ships/Models/Skimmer.obj using Guid(b022b77968d149a4086cc492125143e7) Importer(2089858483,192608db42251d675da83286b1cce702) (ScriptedImporter) -> (artifact id: '7bef1018b71cfea54f9e608b6ad2845d') in 0.0104138 seconds
Number of updated asset objects reloaded before import = 0Number of asset objects unloaded after import = 9

Editor requested this worker to shutdown with reason: Scaling down because of idle timeout
AssetImportWorker is now disconnected from the server
Process exiting
Exiting without the bug reporter. Application will terminate with return code 0